<?xml version="1.0" encoding="UTF-8"?>
<!-- Generated by org.testng.reporters.JUnitXMLReporter -->
<testsuite ignored="0" hostname="TYSS-Manoj" failures="0" tests="1" name="Test1" time="5.641" errors="0" timestamp="2024-03-06T08:08:22 IST">
  <testcase classname="Organization.TC001_Create_An_Organization_And_Verify_If_Organization_Is_Created_Successfully" name="@BeforeTest open_Browser_And_Navigate_To_Vtiger_Url_And_Login_To_Application" time="5.616">
    <failure type="org.openqa.selenium.NoSuchWindowException" message="Browsing context has been discarded
Build info: version: &amp;apos;4.16.0&amp;apos;, revision: &amp;apos;15400459dd*&amp;apos;
System info: os.name: &amp;apos;Windows 11&amp;apos;, os.arch: &amp;apos;amd64&amp;apos;, os.version: &amp;apos;10.0&amp;apos;, java.version: &amp;apos;17.0.5&amp;apos;
Driver info: org.openqa.selenium.firefox.FirefoxDriver
Command: [04a93046-d5c0-49a5-9511-a8c3b30909d2, findElement {using=xpath, value=//input[@name=&amp;apos;user_name&amp;apos;]}]
Capabilities {acceptInsecureCerts: true, browserName: firefox, browserVersion: 121.0, moz:accessibilityChecks: false, moz:buildID: 20231211174248, moz:debuggerAddress: 127.0.0.1:38804, moz:geckodriverVersion: 0.34.0, moz:headless: false, moz:platformVersion: 10.0, moz:processID: 24604, moz:profile: C:\Users\user\AppData\Local..., moz:shutdownTimeout: 60000, moz:webdriverClick: true, moz:windowless: false, pageLoadStrategy: normal, platformName: windows, proxy: Proxy(), se:cdp: ws://127.0.0.1:38804/devtoo..., se:cdpVersion: 85.0, setWindowRect: true, strictFileInteractability: false, timeouts: {implicit: 0, pageLoad: 300000, script: 30000}, unhandledPromptBehavior: dismiss and notify}
Session ID: 04a93046-d5c0-49a5-9511-a8c3b30909d2">
      <![CDATA[org.openqa.selenium.NoSuchWindowException: Browsing context has been discarded
Build info: version: '4.16.0', revision: '15400459dd*'
System info: os.name: 'Windows 11', os.arch: 'amd64', os.version: '10.0', java.version: '17.0.5'
Driver info: org.openqa.selenium.firefox.FirefoxDriver
Command: [04a93046-d5c0-49a5-9511-a8c3b30909d2, findElement {using=xpath, value=//input[@name='user_name']}]
Capabilities {acceptInsecureCerts: true, browserName: firefox, browserVersion: 121.0, moz:accessibilityChecks: false, moz:buildID: 20231211174248, moz:debuggerAddress: 127.0.0.1:38804, moz:geckodriverVersion: 0.34.0, moz:headless: false, moz:platformVersion: 10.0, moz:processID: 24604, moz:profile: C:\Users\user\AppData\Local..., moz:shutdownTimeout: 60000, moz:webdriverClick: true, moz:windowless: false, pageLoadStrategy: normal, platformName: windows, proxy: Proxy(), se:cdp: ws://127.0.0.1:38804/devtoo..., se:cdpVersion: 85.0, setWindowRect: true, strictFileInteractability: false, timeouts: {implicit: 0, pageLoad: 300000, script: 30000}, unhandledPromptBehavior: dismiss and notify}
Session ID: 04a93046-d5c0-49a5-9511-a8c3b30909d2
at org.openqa.selenium.remote.codec.w3c.W3CHttpResponseCodec.createException(W3CHttpResponseCodec.java:200)
at org.openqa.selenium.remote.codec.w3c.W3CHttpResponseCodec.decode(W3CHttpResponseCodec.java:133)
at org.openqa.selenium.remote.codec.w3c.W3CHttpResponseCodec.decode(W3CHttpResponseCodec.java:52)
at org.openqa.selenium.remote.HttpCommandExecutor.execute(HttpCommandExecutor.java:191)
at org.openqa.selenium.remote.service.DriverCommandExecutor.invokeExecute(DriverCommandExecutor.java:200)
at org.openqa.selenium.remote.service.DriverCommandExecutor.execute(DriverCommandExecutor.java:175)
at org.openqa.selenium.remote.RemoteWebDriver.execute(RemoteWebDriver.java:523)
at org.openqa.selenium.remote.ElementLocation$ElementFinder$2.findElement(ElementLocation.java:165)
at org.openqa.selenium.remote.ElementLocation.findElement(ElementLocation.java:59)
at org.openqa.selenium.remote.RemoteWebDriver.findElement(RemoteWebDriver.java:360)
at org.openqa.selenium.remote.RemoteWebDriver.findElement(RemoteWebDriver.java:354)
at PageObjectRepo.loginPage.LoginPage(loginPage.java:30)
at Resources.stepGroups.LoginToVtigerApplication(stepGroups.java:31)
at Organization.TC001_Create_An_Organization_And_Verify_If_Organization_Is_Created_Successfully.open_Browser_And_Navigate_To_Vtiger_Url_And_Login_To_Application(TC001_Create_An_Organization_And_Verify_If_Organization_Is_Created_Successfully.java:29)
... Removed 29 stack frames]]>
    </failure>
  </testcase> <!-- @BeforeTest open_Browser_And_Navigate_To_Vtiger_Url_And_Login_To_Application -->
  <testcase classname="Organization.TC001_Create_An_Organization_And_Verify_If_Organization_Is_Created_Successfully" name="@AfterTest close_browser" time="-1.709692702445E9">
    <skipped/>
  </testcase> <!-- @AfterTest close_browser -->
  <testcase classname="Organization.TC001_Create_An_Organization_And_Verify_If_Organization_Is_Created_Successfully" name="Create_A_Organization_And_Verify" time="0.0">
    <skipped/>
  </testcase> <!-- Create_A_Organization_And_Verify -->
</testsuite> <!-- Test1 -->
